<?xml version="1.0" encoding="UTF-8"?>
<!-- Generated by org.testng.reporters.JUnitReportReporter -->
<testsuite hostname="Santhosh" failures="0" tests="1" name="tests.CreateAccount" time="13.918" errors="0" timestamp="2024-06-01T17:39:41 CDT" skipped="0">
  <testcase classname="tests.CreateAccount" name="verifyCreateAccount_TC10" time="13.918"/>
</testsuite> <!-- tests.CreateAccount -->
