<?xml version="1.0" encoding="UTF-8"?>
<!-- Generated by org.testng.reporters.JUnitReportReporter -->
<testsuite hostname="Santhosh" failures="0" tests="1" name="tests.SFDCLogin" time="8.920" errors="0" timestamp="2024-06-01T00:08:14 CDT" skipped="0">
  <testcase classname="tests.SFDCLogin" name="verifyRemeberMeCheckBox_TC03" time="8.920"/>
</testsuite> <!-- tests.SFDCLogin -->
