<?xml version="1.0" encoding="UTF-8"?>
<!-- Generated by org.testng.reporters.JUnitReportReporter -->
<testsuite hostname="Santhosh" failures="0" tests="5" name="tests.SDFCLogin" time="28.664" errors="0" timestamp="2024-05-15T22:58:51 CDT" skipped="0">
  <testcase classname="tests.SDFCLogin" name="ValidateLoginErrorMessage_TC4B" time="4.641"/>
  <testcase classname="tests.SDFCLogin" name="verifyLoginToSalesForce_TC02" time="7.633"/>
  <testcase classname="tests.SDFCLogin" name="verifyRemeberMeCheckBox_TC03" time="9.951"/>
  <testcase classname="tests.SDFCLogin" name="verifyForgotPassword_TC4A" time="2.975"/>
  <testcase classname="tests.SDFCLogin" name="verifyLoginErrorMessage_TC01" time="3.464"/>
</testsuite> <!-- tests.SDFCLogin -->
