<?xml version="1.0" encoding="UTF-8"?>
<!-- Generated by org.testng.reporters.JUnitReportReporter -->
<testsuite hostname="Santhosh" failures="0" tests="2" name="tests.CreateOpportunity" time="11.512" errors="0" timestamp="2024-06-01T18:19:20 CDT" skipped="1">
  <testcase classname="tests.CreateOpportunity" name="verifyStuckOpportunityReport_TC18" time="11.512"/>
  <testcase classname="tests.CreateOpportunity" name="verfiyOpportunitiesDropDown_TC15">
    <skipped/>
  </testcase> <!-- verfiyOpportunitiesDropDown_TC15 -->
</testsuite> <!-- tests.CreateOpportunity -->
